2026-05-30T13:26:43Z [MONITOR] INFO: Get Monitor: 3 User ID: 1 (trace_id: 9261bee2)
2026-05-30T13:26:44Z [SERVER] INFO: Welcome to Uptime Kuma (trace_id: 0d745a7d)
2026-05-30T13:26:44Z [SERVER] DEBUG: Adding route (trace_id: 352f8f61)
2026-05-30T13:26:45Z [MONITOR] INFO: Resume Monitor: 1 User ID: 1 (trace_id: a4322bb9)
2026-05-30T13:26:45Z [SERVER] INFO: Data Dir: ./data (trace_id: 0591e1b3)
2026-05-30T13:26:46Z [AUTH] INFO: Successfully logged in user admin. IP=192.168.1.5 (trace_id: 915c0a5b)
2026-05-30T13:26:46Z [AUTH] INFO: Login by token. IP=127.0.0.1 (trace_id: 3eef3196)
2026-05-30T13:26:47Z [MANAGE] INFO: Clear Statistics User ID: 1 (trace_id: d198b6fd)
2026-05-30T13:26:47Z [DB] INFO: Closing the database (trace_id: ab659df1)
2026-05-30T13:26:48Z [DB] INFO: Database Patched Successfully (trace_id: b29fe265)
2026-05-30T13:26:48Z [DB] DEBUG: SQLite config: (trace_id: 87fddb71)
2026-05-30T13:26:49Z [AUTH] DEBUG: afterLogin (trace_id: 1a1cf4b8)
2026-05-30T13:26:49Z [MONITOR] INFO: Added Monitor: 5 User ID: 1 (trace_id: 6b3df9cd)
2026-05-30T13:26:50Z [AUTH] WARN: Incorrect username or password for user guest. IP=10.0.0.42 (trace_id: d00ef517)
2026-05-30T13:26:50Z [MONITOR] INFO: Added Monitor: 5 User ID: 1 (trace_id: 7e3579da)
2026-05-30T13:26:51Z [MANAGE] INFO: Clear Statistics User ID: 1 (trace_id: 78e40839)
2026-05-30T13:26:51Z [SERVER] INFO: Uptime Kuma Version: 1.23.11 (trace_id: 3142103e)
2026-05-30T13:26:52Z [DB] INFO: Closing the database (trace_id: fe410fc4)
2026-05-30T13:26:52Z [MONITOR] WARN: TCP timeout triggered (trace_id: a73abf29)
2026-05-30T13:26:53Z [MONITOR] INFO: Added Monitor: 5 User ID: 1 (trace_id: cd47ad68)
2026-05-30T13:26:53Z [AUTH] INFO: Login by username + password. IP=192.168.1.5 (trace_id: 6a245aef)
2026-05-30T13:26:54Z [MONITOR] INFO: Get Monitor: 3 User ID: 1 (trace_id: 5f21c1a7)
2026-05-30T13:26:54Z [MONITOR] INFO: Added Monitor: 5 User ID: 1 (trace_id: 95c9667a)
2026-05-30T13:26:55Z [MANAGE] INFO: Clear Heartbeats Monitor: 5 User ID: 1 (trace_id: 8d8f7aa0)
2026-05-30T13:26:55Z [SERVER] WARN: Your Node.js version: 18.0.0 is not officially supported (trace_id: 849f63c2)
2026-05-30T13:26:56Z [MANAGE] INFO: Delete Monitor: 12 User ID: 1 (trace_id: 544192d4)
2026-05-30T13:26:56Z [MANAGE] INFO: Delete Monitor: 12 User ID: 1 (trace_id: 23dd6c62)
2026-05-30T13:26:57Z [DB] DEBUG: SQLite config: (trace_id: 8efc171d)
2026-05-30T13:26:57Z [MANAGE] ERROR: Unexpected internal error in MANAGE (trace_id: 0a61b991)
2026-05-30T13:26:58Z [SERVER] WARN: Your Node.js version: 18.0.0 is not officially supported (trace_id: 218828d1)
2026-05-30T13:26:58Z [SERVER] INFO: Traffic spike detected - Increasing worker pool (trace_id: ee264d94)
2026-05-30T13:26:58Z [MANAGE] INFO: Clear Statistics User ID: 1 (trace_id: 16e9176f)
2026-05-30T13:26:59Z [MANAGE] INFO: Clear Statistics User ID: 1 (trace_id: 7ca325d7)
2026-05-30T13:26:59Z [AUTH] ERROR: Error changing 2FA token. IP=192.168.1.10 (trace_id: 75d979b3)
2026-05-30T13:26:59Z [DB] INFO: Closing the database (trace_id: e5b2081d)
2026-05-30T13:26:59Z [DB] DEBUG: SQLite config: (trace_id: ab087cc9)
2026-05-30T13:26:59Z [SERVER] DEBUG: Importing jsonwebtoken (trace_id: 3cf1e905)
2026-05-30T13:26:59Z [MANAGE] INFO: Delete Monitor: 12 User ID: 1 (trace_id: 7e639867)
2026-05-30T13:26:59Z [AUTH] DEBUG: check auto login (trace_id: 42c04f4e)
2026-05-30T13:26:59Z [AUTH] INFO: Successfully logged in user admin. IP=192.168.1.5 (trace_id: 2320734a)
2026-05-30T13:27:00Z [AUTH] INFO: Login by token. IP=127.0.0.1 (trace_id: 678e8be3)
2026-05-30T13:27:00Z [MONITOR] INFO: Added Monitor: 5 User ID: 1 (trace_id: 129ae874)
2026-05-30T13:27:00Z [MANAGE] INFO: Delete Monitor: 12 User ID: 1 (trace_id: 4c8a1cc7)
2026-05-30T13:27:00Z [MANAGE] INFO: Clear Statistics User ID: 1 (trace_id: 5f0307c7)
2026-05-30T13:27:00Z [DB] DEBUG: PRAGMA journal_mode (trace_id: 6e3b9001)
2026-05-30T13:27:00Z [MANAGE] INFO: Clear Heartbeats Monitor: 5 User ID: 1 (trace_id: de448943)
2026-05-30T13:27:00Z [DB] INFO: Closing the database (trace_id: 91bae996)
2026-05-30T13:27:00Z [DB] DEBUG: PRAGMA journal_mode (trace_id: aa3e73c0)
2026-05-30T13:27:00Z [MANAGE] INFO: Clear Statistics User ID: 1 (trace_id: 374a355d)
2026-05-30T13:27:00Z [MANAGE] INFO: Clear Heartbeats Monitor: 5 User ID: 1 (trace_id: 4cdde7da)
2026-05-30T13:27:01Z [MONITOR] DEBUG: MQTT connected (trace_id: b977669b)
2026-05-30T13:27:01Z [AUTH] INFO: Successfully logged in user admin. IP=192.168.1.5 (trace_id: 3cb409d2)
2026-05-30T13:27:01Z [SERVER] INFO: Welcome to Uptime Kuma (trace_id: 58c3795a)
2026-05-30T13:27:01Z [SERVER] INFO: Data Dir: ./data (trace_id: 98062957)
2026-05-30T13:27:01Z [SERVER] INFO: Uptime Kuma Version: 1.23.11 (trace_id: 93bd6fd9)
2026-05-30T13:27:01Z [DB] WARN: Max database connections capped to 100 (trace_id: d5f1a3e4)
2026-05-30T13:27:01Z [DB] DEBUG: SQLite config: (trace_id: 44e2eb2f)
2026-05-30T13:27:01Z [DB] INFO: Closing the database (trace_id: ef6783a6)
2026-05-30T13:27:01Z [SERVER] INFO: Welcome to Uptime Kuma (trace_id: 0071b2b1)
2026-05-30T13:27:01Z [MONITOR] DEBUG: Globalping create measurement (trace_id: cb42bc32)
2026-05-30T13:27:02Z [MONITOR] INFO: Resume Monitor: 1 User ID: 1 (trace_id: dfbf0b2f)
2026-05-30T13:27:02Z [MONITOR] WARN: TCP timeout triggered (trace_id: 056b02a5)
2026-05-30T13:27:02Z [AUTH] INFO: Login by token. IP=127.0.0.1 (trace_id: 67e84384)
2026-05-30T13:27:02Z [AUTH] DEBUG: check auto login (trace_id: 1c9bfa3a)
2026-05-30T13:27:02Z [MONITOR] INFO: Resume Monitor: 1 User ID: 1 (trace_id: 375549ee)
2026-05-30T13:27:02Z [MANAGE] INFO: Delete Monitor: 12 User ID: 1 (trace_id: 54940378)
2026-05-30T13:27:02Z [MONITOR] INFO: Get Monitor: 3 User ID: 1 (trace_id: 67d1bcaf)
2026-05-30T13:27:02Z [SERVER] INFO: Welcome to Uptime Kuma (trace_id: 77dc2117)
2026-05-30T13:27:02Z [MANAGE] INFO: Clear Statistics User ID: 1 (trace_id: f5fc2ac9)
2026-05-30T13:27:02Z [SERVER] DEBUG: Importing express (trace_id: b5a5ddfc)
2026-05-30T13:27:03Z [DB] INFO: Closing the database (trace_id: c36b8e78)
2026-05-30T13:27:03Z [AUTH] DEBUG: afterLogin (trace_id: 49dbf77d)
2026-05-30T13:27:03Z [MONITOR] DEBUG: gRPC response: {"status":"OK"} (trace_id: 6487ceff)
2026-05-30T13:27:03Z [MONITOR] INFO: Added Monitor: 5 User ID: 1 (trace_id: 58b4cc9d)
2026-05-30T13:27:03Z [MANAGE] INFO: Delete Monitor: 12 User ID: 1 (trace_id: 5b72ac26)
2026-05-30T13:27:03Z [MANAGE] INFO: Clear Heartbeats Monitor: 5 User ID: 1 (trace_id: ebd34a07)
2026-05-30T13:27:03Z [AUTH] WARN: Incorrect username or password for user guest. IP=10.0.0.42 (trace_id: a7fd43a4)
2026-05-30T13:27:03Z [MANAGE] INFO: Clear Statistics User ID: 1 (trace_id: f4fefb11)
2026-05-30T13:27:03Z [DB] INFO: Closing the database (trace_id: 15a0f0d3)
2026-05-30T13:27:04Z [AUTH] DEBUG: check auto login (trace_id: b230212b)
2026-05-30T13:27:04Z [DB] DEBUG: SQLite config: (trace_id: 596f49a7)
2026-05-30T13:27:05Z [SERVER] DEBUG: Importing redbean-node (trace_id: 1d4b09fd)
2026-05-30T13:27:05Z [SERVER] INFO: Welcome to Uptime Kuma (trace_id: fb56bc3c)
2026-05-30T13:27:06Z [MANAGE] INFO: Delete Monitor: 12 User ID: 1 (trace_id: 661ff883)
2026-05-30T13:27:06Z [AUTH] INFO: Successfully logged in user admin. IP=192.168.1.5 (trace_id: 4cb4393f)
2026-05-30T13:27:07Z [AUTH] INFO: Login by token. IP=127.0.0.1 (trace_id: 6f5fe560)
2026-05-30T13:27:07Z [DB] DEBUG: SQLite config: (trace_id: 8b3bda87)
2026-05-30T13:27:08Z [DB] WARN: Max database connections capped to 100 (trace_id: 74f36b69)
2026-05-30T13:27:08Z [SERVER] WARN: Your Node.js version: 18.0.0 is not officially supported (trace_id: 812c1949)
2026-05-30T13:27:09Z [MONITOR] INFO: Added Monitor: 5 User ID: 1 (trace_id: 8724b470)
2026-05-30T13:27:09Z [AUTH] DEBUG: check auto login (trace_id: 02d0e188)
2026-05-30T13:27:10Z [MANAGE] INFO: Clear Heartbeats Monitor: 5 User ID: 1 (trace_id: 182c9dda)
2026-05-30T13:27:10Z [AUTH] WARN: Incorrect username or password for user guest. IP=10.0.0.42 (trace_id: ed01b7dc)
2026-05-30T13:27:11Z [SERVER] INFO: Uptime Kuma Version: 1.23.11 (trace_id: 80f89217)
2026-05-30T13:27:11Z [MANAGE] INFO: Clear Statistics User ID: 1 (trace_id: 4c993d6e)
2026-05-30T13:27:12Z [MONITOR] WARN: Monitor #2 is down: 503 Service Unavailable (trace_id: 681d60b7)
2026-05-30T13:27:12Z [MONITOR] DEBUG: gRPC response: {"status":"OK"} (trace_id: 3844f2a4)
2026-05-30T13:27:13Z [AUTH] WARN: Invalid token. IP=172.16.0.5 (trace_id: 5f938420)
2026-05-30T13:27:13Z [AUTH] DEBUG: afterLogin ok (trace_id: 51761d66)
2026-05-30T13:27:14Z [DB] DEBUG: Database.getSize() (trace_id: 20af531e)
2026-05-30T13:27:14Z [DB] ERROR: SQLITE_BUSY: database is locked (trace_id: b83f19b9)
2026-05-30T13:27:14Z [MONITOR] ERROR: Failed to save heartbeat to DB for monitor #5 (trace_id: 3209b7bc)
2026-05-30T13:27:14Z [MONITOR] ERROR: Failed to save heartbeat to DB for monitor #12 (trace_id: 62edaf6f)
2026-05-30T13:27:15Z [AUTH] WARN: Invalid token. IP=172.16.0.5 (trace_id: 8cb746ed)
2026-05-30T13:27:15Z [MANAGE] INFO: Clear Heartbeats Monitor: 5 User ID: 1 (trace_id: 63ce647b)
2026-05-30T13:27:16Z [SERVER] INFO: Env: production (trace_id: 4691eb96)
2026-05-30T13:27:16Z [MANAGE] INFO: Clear Statistics User ID: 1 (trace_id: 7832fe64)
2026-05-30T13:27:17Z [DB] INFO: Connected to the database (trace_id: e8a051d3)
2026-05-30T13:27:17Z [AUTH] DEBUG: afterLogin ok (trace_id: f6dfa34b)
2026-05-30T13:27:18Z [MANAGE] INFO: Delete Monitor: 12 User ID: 1 (trace_id: ad6e5f26)
2026-05-30T13:27:18Z [MANAGE] INFO: Clear Heartbeats Monitor: 5 User ID: 1 (trace_id: d9747347)
2026-05-30T13:27:19Z [MANAGE] INFO: Delete Monitor: 12 User ID: 1 (trace_id: 94ba459e)
2026-05-30T13:27:19Z [DB] INFO: Database Patched Successfully (trace_id: 56fdc6ff)
2026-05-30T13:27:20Z [AUTH] INFO: Successfully logged in user admin. IP=192.168.1.5 (trace_id: 202fb60d)
2026-05-30T13:27:20Z [MONITOR] INFO: Added Monitor: 5 User ID: 1 (trace_id: fe79b9ad)
2026-05-30T13:27:21Z [MONITOR] INFO: Added Monitor: 5 User ID: 1 (trace_id: f12d7df7)
2026-05-30T13:27:21Z [MANAGE] INFO: Clear Statistics User ID: 1 (trace_id: 76b7bd35)
2026-05-30T13:27:22Z [MONITOR] DEBUG: Globalping create measurement (trace_id: d65b1e60)
2026-05-30T13:27:22Z [MONITOR] ERROR: Error adding Monitor: undefined (trace_id: 6f2867bd)
2026-05-30T13:27:23Z [DB] WARN: Max database connections capped to 100 (trace_id: 0f9d6b84)
2026-05-30T13:27:23Z [AUTH] INFO: Successfully logged in user admin. IP=192.168.1.5 (trace_id: 5ff8bc10)
2026-05-30T13:27:24Z [AUTH] ERROR: Error changing 2FA token. IP=192.168.1.10 (trace_id: 154e006b)
2026-05-30T13:27:24Z [SERVER] INFO: Data Dir: ./data (trace_id: 751715df)
2026-05-30T13:27:25Z [DB] DEBUG: SQLite config: (trace_id: 0d031479)
2026-05-30T13:27:25Z [MANAGE] INFO: Delete Monitor: 12 User ID: 1 (trace_id: 136907f6)
2026-05-30T13:27:26Z [MANAGE] INFO: Delete Monitor: 12 User ID: 1 (trace_id: f0eef7a5)
2026-05-30T13:27:26Z [SERVER] DEBUG: Init the server (trace_id: 7b9d375e)
2026-05-30T13:27:27Z [SERVER] INFO: Welcome to Uptime Kuma (trace_id: 8a1c6330)
2026-05-30T13:27:27Z [MONITOR] DEBUG: MQTT connected (trace_id: e64464e9)
2026-05-30T13:27:28Z [MONITOR] INFO: Added Monitor: 5 User ID: 1 (trace_id: 55b9c15d)
2026-05-30T13:27:28Z [MANAGE] INFO: Delete Monitor: 12 User ID: 1 (trace_id: 6904010d)
2026-05-30T13:27:29Z [MONITOR] DEBUG: Globalping create measurement (trace_id: 48fa519d)
2026-05-30T13:27:29Z [SERVER] DEBUG: Importing redbean-node (trace_id: 9e0d5173)
2026-05-30T13:27:30Z [MANAGE] INFO: Clear Statistics User ID: 1 (trace_id: 56aff767)
2026-05-30T13:27:30Z [DB] DEBUG: SQLite config: (trace_id: 1c7ccb89)
2026-05-30T13:27:31Z [DB] DEBUG: SQLite config: (trace_id: 3b927e41)
2026-05-30T13:27:31Z [SERVER] WARN: Your Node.js version: 18.0.0 is not officially supported (trace_id: d09ce18e)
2026-05-30T13:27:32Z [DB] INFO: Database Patched Successfully (trace_id: 19431cdc)
2026-05-30T13:27:32Z [DB] DEBUG: PRAGMA journal_mode (trace_id: 3eeb4d93)
2026-05-30T13:27:33Z [MONITOR] DEBUG: MQTT connected (trace_id: 4a355511)
2026-05-30T13:27:33Z [SERVER] INFO: Env: production (trace_id: 98cfdbae)
2026-05-30T13:27:34Z [MONITOR] INFO: Resume Monitor: 1 User ID: 1 (trace_id: d898aeb3)
2026-05-30T13:27:34Z [DB] DEBUG: PRAGMA journal_mode (trace_id: 122a809e)
2026-05-30T13:27:35Z [DB] DEBUG: SQLite config: (trace_id: 2a58dcf0)
2026-05-30T13:27:35Z [MANAGE] INFO: Clear Heartbeats Monitor: 5 User ID: 1 (trace_id: c9203cfa)
2026-05-30T13:27:36Z [MONITOR] WARN: TCP timeout triggered (trace_id: 8fc587e6)
2026-05-30T13:27:36Z [SERVER] INFO: Welcome to Uptime Kuma (trace_id: a6268151)
2026-05-30T13:27:37Z [DB] INFO: Database Patched Successfully (trace_id: d8882ae7)
2026-05-30T13:27:37Z [MANAGE] INFO: Clear Statistics User ID: 1 (trace_id: eb69b327)
2026-05-30T13:27:38Z [MONITOR] INFO: Resume Monitor: 1 User ID: 1 (trace_id: 1c9a23c4)
2026-05-30T13:27:38Z [MANAGE] INFO: Clear Heartbeats Monitor: 5 User ID: 1 (trace_id: 357ae961)
2026-05-30T13:27:39Z [SERVER] INFO: Env: production (trace_id: 762d2c2d)
2026-05-30T13:27:39Z [DB] DEBUG: PRAGMA journal_mode (trace_id: cf1aec48)
2026-05-30T13:27:40Z [MONITOR] WARN: TCP timeout triggered (trace_id: 06f89663)
2026-05-30T13:27:40Z [AUTH] WARN: Invalid token. IP=172.16.0.5 (trace_id: c2a842c7)
2026-05-30T13:27:41Z [DB] INFO: Database Patched Successfully (trace_id: 73778da5)
2026-05-30T13:27:41Z [AUTH] INFO: Login by token. IP=127.0.0.1 (trace_id: 08a2a5ce)
2026-05-30T13:27:42Z [MANAGE] INFO: Clear Statistics User ID: 1 (trace_id: 4a91c770)
2026-05-30T13:27:42Z [MONITOR] INFO: Get Monitor: 3 User ID: 1 (trace_id: 9efcd936)
2026-05-30T13:27:43Z [DB] INFO: Connected to the database (trace_id: 53e68513)
